<?xml version="1.0" encoding="UTF-8" ?>
<testsuite tests="4" failures="0" name="utils.RunnerTest" time="0.032" errors="2" skipped="1">
  <properties>
[...]
</properties>
  <testcase classname="| &quot;victor.otarola@tsoftglobal.com&quot; | &quot;Q1111111&quot; |" name="Given quiero realizar un pago por webpay normal con Onepay" time="0.005"/>
  <testcase classname="| &quot;victor.otarola@tsoftglobal.com&quot; | &quot;Q1111111&quot; |" name="When realizo el pago con el &quot;victor.otarola@tsoftglobal.com&quot; y &quot;Q1111111&quot;" time="0.007">
    <error type="java.lang.NullPointerException">java.lang.NullPointerException
	at definitions.Def_WebpayNormalOnepay.realizo_el_pago_con_el_y(Def_WebpayNormalOnepay.java:49)
	at ✽.When realizo el pago con el &quot;victor.otarola@tsoftglobal.com&quot; y &quot;Q1111111&quot;(pagoWebpayNormalOnepay.feature:6)
</error>
  </testcase>
  <testcase classname="| &quot;victor.otarola@tsoftglobal.com&quot; | &quot;Q1111111&quot; |" name="| &quot;victor.otarola@tsoftglobal.com&quot; | &quot;Q1111111&quot; |" time="0.008">
    <error type="java.lang.NullPointerException">java.lang.NullPointerException
	at definitions.Def_WebpayNormalOnepay.realizo_el_pago_con_el_y(Def_WebpayNormalOnepay.java:49)
	at ✽.When realizo el pago con el &quot;victor.otarola@tsoftglobal.com&quot; y &quot;Q1111111&quot;(pagoWebpayNormalOnepay.feature:6)
</error>
  </testcase>
  <testcase classname="| &quot;victor.otarola@tsoftglobal.com&quot; | &quot;Q1111111&quot; |" name="Then se realiza el pago con onepay exitosamente y se cierra la sesion del usuario" time="0.012">
    <skipped/>
  </testcase>
</testsuite>